Started GET "/" for 127.0.0.1 at 2023-05-22 10:59:58 -0600
Processing by Rails::WelcomeController#index as HTML
  Rendering C:/Ruby32-x64/lib/ruby/gems/3.2.0/gems/railties-7.0.4.3/lib/rails/templates/rails/welcome/index.html.erb
  Rendered C:/Ruby32-x64/lib/ruby/gems/3.2.0/gems/railties-7.0.4.3/lib/rails/templates/rails/welcome/index.html.erb (Duration: 38.7ms | Allocations: 694)
Completed 200 OK in 158ms (Views: 73.4ms | ActiveRecord: 0.0ms | Allocations: 6020)


Started GET "/" for 127.0.0.1 at 2023-05-22 11:19:07 -0600
Processing by Rails::WelcomeController#index as HTML
  Rendering C:/Ruby32-x64/lib/ruby/gems/3.2.0/gems/railties-7.0.4.3/lib/rails/templates/rails/welcome/index.html.erb
  Rendered C:/Ruby32-x64/lib/ruby/gems/3.2.0/gems/railties-7.0.4.3/lib/rails/templates/rails/welcome/index.html.erb (Duration: 3.7ms | Allocations: 522)
Completed 200 OK in 46ms (Views: 22.7ms | ActiveRecord: 0.0ms | Allocations: 3837)


Started GET "/articles" for 127.0.0.1 at 2023-05-22 11:19:29 -0600
Processing by ArticlesController#index as HTML
  Rendering layout layouts/application.html.erb
  Rendering articles/index.html.erb within layouts/application
  Rendered articles/index.html.erb within layouts/application (Duration: 0.9ms | Allocations: 110)
  Rendered layout layouts/application.html.erb (Duration: 907.7ms | Allocations: 84369)
Completed 500 Internal Server Error in 922ms (ActiveRecord: 0.0ms | Allocations: 85260)


  
ActionView::Template::Error (Permission denied @ rb_file_s_rename - (C:/Users/Dell_Precision_M4800/Downloads/ruby on rails/blog/tmp/cache/assets/sprockets/v4.0.0/Qx/QxMBi5-iZFB2GpGNMkJZTlFzGBMGtyJQr_jixs_3E-E.cache.21260.2548.51598, C:/Users/Dell_Precision_M4800/Downloads/ruby on rails/blog/tmp/cache/assets/sprockets/v4.0.0/Qx/QxMBi5-iZFB2GpGNMkJZTlFzGBMGtyJQr_jixs_3E-E.cache)):
  
sprockets (4.2.0) lib/sprockets/path_utils.rb:362:in `rename'
sprockets (4.2.0) lib/sprockets/path_utils.rb:362:in `atomic_write'
sprockets (4.2.0) lib/sprockets/cache/file_store.rb:112:in `set'
sprockets (4.2.0) lib/sprockets/cache.rb:227:in `set'
sprockets (4.2.0) lib/sprockets/cache.rb:143:in `set'
sprockets (4.2.0) lib/sprockets/loader.rb:341:in `fetch_asset_from_dependency_cache'
sprockets (4.2.0) lib/sprockets/loader.rb:43:in `load'
sprockets (4.2.0) lib/sprockets/cached_environment.rb:44:in `block in load'
concurrent-ruby (1.2.2) lib/concurrent-ruby/concurrent/map.rb:207:in `block in fetch_or_store'
concurrent-ruby (1.2.2) lib/concurrent-ruby/concurrent/map.rb:187:in `fetch'
concurrent-ruby (1.2.2) lib/concurrent-ruby/concurrent/map.rb:206:in `fetch_or_store'
sprockets (4.2.0) lib/sprockets/cached_environment.rb:44:in `load'
sprockets (4.2.0) lib/sprockets/context.rb:117:in `load'
sprockets (4.2.0) lib/sprockets/context.rb:145:in `depend_on_asset'
sprockets (4.2.0) lib/sprockets/context.rb:185:in `link_asset'
sprockets-rails (3.4.2) lib/sprockets/rails/context.rb:27:in `compute_asset_path'
actionview (7.0.4.3) lib/action_view/helpers/asset_url_helper.rb:203:in `asset_path'
sprockets-rails (3.4.2) lib/sprockets/rails/sourcemapping_url_processor.rb:41:in `sourcemap_asset_path'
sprockets-rails (3.4.2) lib/sprockets/rails/sourcemapping_url_processor.rb:34:in `resolved_sourcemap_comment'
sprockets-rails (3.4.2) lib/sprockets/rails/sourcemapping_url_processor.rb:15:in `block in call'
sprockets-rails (3.4.2) lib/sprockets/rails/sourcemapping_url_processor.rb:11:in `gsub'
sprockets-rails (3.4.2) lib/sprockets/rails/sourcemapping_url_processor.rb:11:in `call'
sprockets (4.2.0) lib/sprockets/processor_utils.rb:84:in `call_processor'
sprockets (4.2.0) lib/sprockets/processor_utils.rb:66:in `block in call_processors'
sprockets (4.2.0) lib/sprockets/processor_utils.rb:65:in `reverse_each'
sprockets (4.2.0) lib/sprockets/processor_utils.rb:65:in `call_processors'
sprockets (4.2.0) lib/sprockets/loader.rb:182:in `load_from_unloaded'
sprockets (4.2.0) lib/sprockets/loader.rb:59:in `block in load'
sprockets (4.2.0) lib/sprockets/loader.rb:337:in `fetch_asset_from_dependency_cache'
sprockets (4.2.0) lib/sprockets/loader.rb:43:in `load'
sprockets (4.2.0) lib/sprockets/cached_environment.rb:44:in `block in load'
concurrent-ruby (1.2.2) lib/concurrent-ruby/concurrent/map.rb:207:in `block in fetch_or_store'
concurrent-ruby (1.2.2) lib/concurrent-ruby/concurrent/map.rb:187:in `fetch'
concurrent-ruby (1.2.2) lib/concurrent-ruby/concurrent/map.rb:206:in `fetch_or_store'
sprockets (4.2.0) lib/sprockets/cached_environment.rb:44:in `load'
sprockets (4.2.0) lib/sprockets/bundle.rb:27:in `call'
sprockets (4.2.0) lib/sprockets/processor_utils.rb:84:in `call_processor'
sprockets (4.2.0) lib/sprockets/processor_utils.rb:66:in `block in call_processors'
sprockets (4.2.0) lib/sprockets/processor_utils.rb:65:in `reverse_each'
sprockets (4.2.0) lib/sprockets/processor_utils.rb:65:in `call_processors'
sprockets (4.2.0) lib/sprockets/loader.rb:182:in `load_from_unloaded'
sprockets (4.2.0) lib/sprockets/loader.rb:59:in `block in load'
sprockets (4.2.0) lib/sprockets/loader.rb:337:in `fetch_asset_from_dependency_cache'
sprockets (4.2.0) lib/sprockets/loader.rb:43:in `load'
sprockets (4.2.0) lib/sprockets/cached_environment.rb:44:in `block in load'
concurrent-ruby (1.2.2) lib/concurrent-ruby/concurrent/map.rb:207:in `block in fetch_or_store'
concurrent-ruby (1.2.2) lib/concurrent-ruby/concurrent/map.rb:187:in `fetch'
concurrent-ruby (1.2.2) lib/concurrent-ruby/concurrent/map.rb:206:in `fetch_or_store'
sprockets (4.2.0) lib/sprockets/cached_environment.rb:44:in `load'
sprockets (4.2.0) lib/sprockets/base.rb:81:in `find_asset'
sprockets (4.2.0) lib/sprockets/base.rb:88:in `find_all_linked_assets'
sprockets (4.2.0) lib/sprockets/manifest.rb:125:in `each'
sprockets (4.2.0) lib/sprockets/manifest.rb:125:in `to_a'
sprockets (4.2.0) lib/sprockets/manifest.rb:125:in `block (2 levels) in find'
concurrent-ruby (1.2.2) lib/concurrent-ruby/concurrent/executor/safe_task_executor.rb:24:in `block in execute'
concurrent-ruby (1.2.2) lib/concurrent-ruby/concurrent/synchronization/mutex_lockable_object.rb:48:in `block in synchronize'
concurrent-ruby (1.2.2) lib/concurrent-ruby/concurrent/synchronization/mutex_lockable_object.rb:48:in `synchronize'
concurrent-ruby (1.2.2) lib/concurrent-ruby/concurrent/synchronization/mutex_lockable_object.rb:48:in `synchronize'
concurrent-ruby (1.2.2) lib/concurrent-ruby/concurrent/executor/safe_task_executor.rb:22:in `execute'
concurrent-ruby (1.2.2) lib/concurrent-ruby/concurrent/promise.rb:564:in `block in realize'
concurrent-ruby (1.2.2) lib/concurrent-ruby/concurrent/executor/ruby_thread_pool_executor.rb:352:in `run_task'
concurrent-ruby (1.2.2) lib/concurrent-ruby/concurrent/executor/ruby_thread_pool_executor.rb:343:in `block (3 levels) in create_worker'
concurrent-ruby (1.2.2) lib/concurrent-ruby/concurrent/executor/ruby_thread_pool_executor.rb:334:in `loop'
concurrent-ruby (1.2.2) lib/concurrent-ruby/concurrent/executor/ruby_thread_pool_executor.rb:334:in `block (2 levels) in create_worker'
concurrent-ruby (1.2.2) lib/concurrent-ruby/concurrent/executor/ruby_thread_pool_executor.rb:333:in `catch'
concurrent-ruby (1.2.2) lib/concurrent-ruby/concurrent/executor/ruby_thread_pool_executor.rb:333:in `block in create_worker'
Started GET "/articles" for 127.0.0.1 at 2023-05-22 11:20:01 -0600
Processing by ArticlesController#index as HTML
  Rendering layout layouts/application.html.erb
  Rendering articles/index.html.erb within layouts/application
  Rendered articles/index.html.erb within layouts/application (Duration: 1.7ms | Allocations: 106)
  Rendered layout layouts/application.html.erb (Duration: 102.0ms | Allocations: 39486)
Completed 200 OK in 116ms (Views: 110.3ms | ActiveRecord: 0.0ms | Allocations: 40251)


Started GET "/" for 127.0.0.1 at 2023-05-22 11:21:38 -0600
Processing by ArticlesController#index as HTML
  Rendering layout layouts/application.html.erb
  Rendering articles/index.html.erb within layouts/application
  Rendered articles/index.html.erb within layouts/application (Duration: 0.1ms | Allocations: 10)
  Rendered layout layouts/application.html.erb (Duration: 35.8ms | Allocations: 15873)
Completed 200 OK in 41ms (Views: 38.0ms | Allocations: 16410)


Started GET "/" for 127.0.0.1 at 2023-05-24 08:36:09 -0600
  [1m[35m (5.8ms)[0m  [1m[35mCREATE TABLE "schema_migrations" ("version" varchar NOT NULL PRIMARY KEY)[0m
  [1m[35m (4.1ms)[0m  [1m[35mCREATE TABLE "ar_internal_metadata" ("key" varchar NOT NULL PRIMARY KEY, "value" varchar, "created_at" datetime(6) NOT NULL, "updated_at" datetime(6) NOT NULL)[0m
  [1m[36mActiveRecord::SchemaMigration Pluck (0.2ms)[0m  [1m[34mSELECT "schema_migrations"."version" FROM "schema_migrations" ORDER BY "schema_migrations"."version" ASC[0m
  
ActiveRecord::PendingMigrationError (

Migrations are pending. To resolve this issue, run:

        bin/rails db:migrate RAILS_ENV=development

You have 1 pending migration:

20230522172852_create_articles.rb


):
  
activerecord (7.0.4.3) lib/active_record/migration.rb:627:in `check_pending!'
activerecord (7.0.4.3) lib/active_record/migration.rb:592:in `block (2 levels) in call'
activesupport (7.0.4.3) lib/active_support/file_update_checker.rb:83:in `execute'
activerecord (7.0.4.3) lib/active_record/migration.rb:597:in `block in call'
activerecord (7.0.4.3) lib/active_record/migration.rb:589:in `synchronize'
activerecord (7.0.4.3) lib/active_record/migration.rb:589:in `call'
actionpack (7.0.4.3) lib/action_dispatch/middleware/callbacks.rb:27:in `block in call'
activesupport (7.0.4.3) lib/active_support/callbacks.rb:99:in `run_callbacks'
actionpack (7.0.4.3) lib/action_dispatch/middleware/callbacks.rb:26:in `call'
actionpack (7.0.4.3) lib/action_dispatch/middleware/executor.rb:14:in `call'
actionpack (7.0.4.3) lib/action_dispatch/middleware/actionable_exceptions.rb:17:in `call'
actionpack (7.0.4.3) lib/action_dispatch/middleware/debug_exceptions.rb:28:in `call'
web-console (4.2.0) lib/web_console/middleware.rb:132:in `call_app'
web-console (4.2.0) lib/web_console/middleware.rb:28:in `block in call'
web-console (4.2.0) lib/web_console/middleware.rb:17:in `catch'
web-console (4.2.0) lib/web_console/middleware.rb:17:in `call'
actionpack (7.0.4.3) lib/action_dispatch/middleware/show_exceptions.rb:26:in `call'
railties (7.0.4.3) lib/rails/rack/logger.rb:40:in `call_app'
railties (7.0.4.3) lib/rails/rack/logger.rb:25:in `block in call'
activesupport (7.0.4.3) lib/active_support/tagged_logging.rb:99:in `block in tagged'
activesupport (7.0.4.3) lib/active_support/tagged_logging.rb:37:in `tagged'
activesupport (7.0.4.3) lib/active_support/tagged_logging.rb:99:in `tagged'
railties (7.0.4.3) lib/rails/rack/logger.rb:25:in `call'
sprockets-rails (3.4.2) lib/sprockets/rails/quiet_assets.rb:13:in `call'
actionpack (7.0.4.3) lib/action_dispatch/middleware/remote_ip.rb:93:in `call'
actionpack (7.0.4.3) lib/action_dispatch/middleware/request_id.rb:26:in `call'
rack (2.2.7) lib/rack/method_override.rb:24:in `call'
rack (2.2.7) lib/rack/runtime.rb:22:in `call'
activesupport (7.0.4.3) lib/active_support/cache/strategy/local_cache_middleware.rb:29:in `call'
actionpack (7.0.4.3) lib/action_dispatch/middleware/server_timing.rb:61:in `block in call'
actionpack (7.0.4.3) lib/action_dispatch/middleware/server_timing.rb:26:in `collect_events'
actionpack (7.0.4.3) lib/action_dispatch/middleware/server_timing.rb:60:in `call'
actionpack (7.0.4.3) lib/action_dispatch/middleware/executor.rb:14:in `call'
actionpack (7.0.4.3) lib/action_dispatch/middleware/static.rb:23:in `call'
rack (2.2.7) lib/rack/sendfile.rb:110:in `call'
actionpack (7.0.4.3) lib/action_dispatch/middleware/host_authorization.rb:137:in `call'
railties (7.0.4.3) lib/rails/engine.rb:530:in `call'
puma (5.6.5) lib/puma/configuration.rb:252:in `call'
puma (5.6.5) lib/puma/request.rb:77:in `block in handle_request'
puma (5.6.5) lib/puma/thread_pool.rb:340:in `with_force_shutdown'
puma (5.6.5) lib/puma/request.rb:76:in `handle_request'
puma (5.6.5) lib/puma/server.rb:443:in `process_client'
puma (5.6.5) lib/puma/thread_pool.rb:147:in `block in spawn_thread'
  [1m[36mActiveRecord::SchemaMigration Pluck (0.2ms)[0m  [1m[34mSELECT "schema_migrations"."version" FROM "schema_migrations" ORDER BY "schema_migrations"."version" ASC[0m
Migrating to CreateArticles (20230522172852)
  [1m[36mTRANSACTION (0.1ms)[0m  [1m[36mbegin transaction[0m
  [1m[35m (0.9ms)[0m  [1m[35mCREATE TABLE "articles" ("id" integer PRIMARY KEY AUTOINCREMENT NOT NULL, "title" varchar, "body" text, "created_at" datetime(6) NOT NULL, "updated_at" datetime(6) NOT NULL)[0m
  [1m[36mActiveRecord::SchemaMigration Create (0.2ms)[0m  [1m[32mINSERT INTO "schema_migrations" ("version") VALUES (?)[0m  [["version", "20230522172852"]]
  [1m[36mTRANSACTION (2.4ms)[0m  [1m[36mcommit transaction[0m
  [1m[36mActiveRecord::InternalMetadata Load (0.3ms)[0m  [1m[34mSELECT "ar_internal_metadata".* FROM "ar_internal_metadata" WHERE "ar_internal_metadata"."key" = ? LIMIT ?[0m  [["key", "environment"], ["LIMIT", 1]]
  [1m[36mTRANSACTION (0.1ms)[0m  [1m[36mbegin transaction[0m
  [1m[36mActiveRecord::InternalMetadata Create (0.9ms)[0m  [1m[32mINSERT INTO "ar_internal_metadata" ("key", "value", "created_at", "updated_at") VALUES (?, ?, ?, ?)[0m  [["key", "environment"], ["value", "development"], ["created_at", "2023-05-24 14:37:17.058918"], ["updated_at", "2023-05-24 14:37:17.058918"]]
  [1m[36mTRANSACTION (2.4ms)[0m  [1m[36mcommit transaction[0m
  [1m[36mActiveRecord::SchemaMigration Pluck (0.3ms)[0m  [1m[34mSELECT "schema_migrations"."version" FROM "schema_migrations" ORDER BY "schema_migrations"."version" ASC[0m
Started GET "/" for 127.0.0.1 at 2023-05-24 08:37:40 -0600
  [1m[36mActiveRecord::SchemaMigration Pluck (0.2ms)[0m  [1m[34mSELECT "schema_migrations"."version" FROM "schema_migrations" ORDER BY "schema_migrations"."version" ASC[0m
Processing by ArticlesController#index as HTML
  Rendering layout layouts/application.html.erb
  Rendering articles/index.html.erb within layouts/application
  Rendered articles/index.html.erb within layouts/application (Duration: 8.4ms | Allocations: 334)
  Rendered layout layouts/application.html.erb (Duration: 730.9ms | Allocations: 86035)
Completed 500 Internal Server Error in 784ms (ActiveRecord: 0.0ms | Allocations: 90226)


  
ActionView::Template::Error (Permission denied @ rb_file_s_rename - (C:/Users/ksdel/Downloads/ruby on rails/blog/tmp/cache/assets/sprockets/v4.0.0/Lj/LjRsyVgYbQjRTiBrYkN1l8-kUxwsIYr4TbjQpmsjCHw.cache.21260.12284.20917, C:/Users/ksdel/Downloads/ruby on rails/blog/tmp/cache/assets/sprockets/v4.0.0/Lj/LjRsyVgYbQjRTiBrYkN1l8-kUxwsIYr4TbjQpmsjCHw.cache)):
  
sprockets (4.2.0) lib/sprockets/path_utils.rb:362:in `rename'
sprockets (4.2.0) lib/sprockets/path_utils.rb:362:in `atomic_write'
sprockets (4.2.0) lib/sprockets/cache/file_store.rb:112:in `set'
sprockets (4.2.0) lib/sprockets/cache.rb:227:in `set'
sprockets (4.2.0) lib/sprockets/cache.rb:143:in `set'
sprockets (4.2.0) lib/sprockets/loader.rb:263:in `store_asset'
sprockets (4.2.0) lib/sprockets/loader.rb:226:in `load_from_unloaded'
sprockets (4.2.0) lib/sprockets/loader.rb:59:in `block in load'
sprockets (4.2.0) lib/sprockets/loader.rb:337:in `fetch_asset_from_dependency_cache'
sprockets (4.2.0) lib/sprockets/loader.rb:43:in `load'
sprockets (4.2.0) lib/sprockets/cached_environment.rb:44:in `block in load'
concurrent-ruby (1.2.2) lib/concurrent-ruby/concurrent/map.rb:207:in `block in fetch_or_store'
concurrent-ruby (1.2.2) lib/concurrent-ruby/concurrent/map.rb:187:in `fetch'
concurrent-ruby (1.2.2) lib/concurrent-ruby/concurrent/map.rb:206:in `fetch_or_store'
sprockets (4.2.0) lib/sprockets/cached_environment.rb:44:in `load'
sprockets (4.2.0) lib/sprockets/context.rb:117:in `load'
sprockets (4.2.0) lib/sprockets/context.rb:145:in `depend_on_asset'
sprockets (4.2.0) lib/sprockets/context.rb:185:in `link_asset'
sprockets-rails (3.4.2) lib/sprockets/rails/context.rb:27:in `compute_asset_path'
actionview (7.0.4.3) lib/action_view/helpers/asset_url_helper.rb:203:in `asset_path'
sprockets-rails (3.4.2) lib/sprockets/rails/sourcemapping_url_processor.rb:41:in `sourcemap_asset_path'
sprockets-rails (3.4.2) lib/sprockets/rails/sourcemapping_url_processor.rb:34:in `resolved_sourcemap_comment'
sprockets-rails (3.4.2) lib/sprockets/rails/sourcemapping_url_processor.rb:15:in `block in call'
sprockets-rails (3.4.2) lib/sprockets/rails/sourcemapping_url_processor.rb:11:in `gsub'
sprockets-rails (3.4.2) lib/sprockets/rails/sourcemapping_url_processor.rb:11:in `call'
sprockets (4.2.0) lib/sprockets/processor_utils.rb:84:in `call_processor'
sprockets (4.2.0) lib/sprockets/processor_utils.rb:66:in `block in call_processors'
sprockets (4.2.0) lib/sprockets/processor_utils.rb:65:in `reverse_each'
sprockets (4.2.0) lib/sprockets/processor_utils.rb:65:in `call_processors'
sprockets (4.2.0) lib/sprockets/loader.rb:182:in `load_from_unloaded'
sprockets (4.2.0) lib/sprockets/loader.rb:59:in `block in load'
sprockets (4.2.0) lib/sprockets/loader.rb:337:in `fetch_asset_from_dependency_cache'
sprockets (4.2.0) lib/sprockets/loader.rb:43:in `load'
sprockets (4.2.0) lib/sprockets/cached_environment.rb:44:in `block in load'
concurrent-ruby (1.2.2) lib/concurrent-ruby/concurrent/map.rb:207:in `block in fetch_or_store'
concurrent-ruby (1.2.2) lib/concurrent-ruby/concurrent/map.rb:187:in `fetch'
concurrent-ruby (1.2.2) lib/concurrent-ruby/concurrent/map.rb:206:in `fetch_or_store'
sprockets (4.2.0) lib/sprockets/cached_environment.rb:44:in `load'
sprockets (4.2.0) lib/sprockets/bundle.rb:27:in `call'
sprockets (4.2.0) lib/sprockets/processor_utils.rb:84:in `call_processor'
sprockets (4.2.0) lib/sprockets/processor_utils.rb:66:in `block in call_processors'
sprockets (4.2.0) lib/sprockets/processor_utils.rb:65:in `reverse_each'
sprockets (4.2.0) lib/sprockets/processor_utils.rb:65:in `call_processors'
sprockets (4.2.0) lib/sprockets/loader.rb:182:in `load_from_unloaded'
sprockets (4.2.0) lib/sprockets/loader.rb:59:in `block in load'
sprockets (4.2.0) lib/sprockets/loader.rb:337:in `fetch_asset_from_dependency_cache'
sprockets (4.2.0) lib/sprockets/loader.rb:43:in `load'
sprockets (4.2.0) lib/sprockets/cached_environment.rb:44:in `block in load'
concurrent-ruby (1.2.2) lib/concurrent-ruby/concurrent/map.rb:207:in `block in fetch_or_store'
concurrent-ruby (1.2.2) lib/concurrent-ruby/concurrent/map.rb:187:in `fetch'
concurrent-ruby (1.2.2) lib/concurrent-ruby/concurrent/map.rb:206:in `fetch_or_store'
sprockets (4.2.0) lib/sprockets/cached_environment.rb:44:in `load'
sprockets (4.2.0) lib/sprockets/base.rb:81:in `find_asset'
sprockets (4.2.0) lib/sprockets/base.rb:88:in `find_all_linked_assets'
sprockets (4.2.0) lib/sprockets/manifest.rb:125:in `each'
sprockets (4.2.0) lib/sprockets/manifest.rb:125:in `to_a'
sprockets (4.2.0) lib/sprockets/manifest.rb:125:in `block (2 levels) in find'
concurrent-ruby (1.2.2) lib/concurrent-ruby/concurrent/executor/safe_task_executor.rb:24:in `block in execute'
concurrent-ruby (1.2.2) lib/concurrent-ruby/concurrent/synchronization/mutex_lockable_object.rb:48:in `block in synchronize'
concurrent-ruby (1.2.2) lib/concurrent-ruby/concurrent/synchronization/mutex_lockable_object.rb:48:in `synchronize'
concurrent-ruby (1.2.2) lib/concurrent-ruby/concurrent/synchronization/mutex_lockable_object.rb:48:in `synchronize'
concurrent-ruby (1.2.2) lib/concurrent-ruby/concurrent/executor/safe_task_executor.rb:22:in `execute'
concurrent-ruby (1.2.2) lib/concurrent-ruby/concurrent/promise.rb:564:in `block in realize'
concurrent-ruby (1.2.2) lib/concurrent-ruby/concurrent/executor/ruby_thread_pool_executor.rb:352:in `run_task'
concurrent-ruby (1.2.2) lib/concurrent-ruby/concurrent/executor/ruby_thread_pool_executor.rb:343:in `block (3 levels) in create_worker'
concurrent-ruby (1.2.2) lib/concurrent-ruby/concurrent/executor/ruby_thread_pool_executor.rb:334:in `loop'
concurrent-ruby (1.2.2) lib/concurrent-ruby/concurrent/executor/ruby_thread_pool_executor.rb:334:in `block (2 levels) in create_worker'
concurrent-ruby (1.2.2) lib/concurrent-ruby/concurrent/executor/ruby_thread_pool_executor.rb:333:in `catch'
concurrent-ruby (1.2.2) lib/concurrent-ruby/concurrent/executor/ruby_thread_pool_executor.rb:333:in `block in create_worker'
Started GET "/" for 127.0.0.1 at 2023-05-24 08:41:43 -0600
Processing by ArticlesController#index as HTML
  Rendering layout layouts/application.html.erb
  Rendering articles/index.html.erb within layouts/application
  Rendered articles/index.html.erb within layouts/application (Duration: 0.8ms | Allocations: 105)
  Rendered layout layouts/application.html.erb (Duration: 111.8ms | Allocations: 40012)
Completed 200 OK in 123ms (Views: 119.1ms | ActiveRecord: 0.0ms | Allocations: 40814)


Started GET "/articles" for 127.0.0.1 at 2023-05-24 08:41:55 -0600
Processing by ArticlesController#index as HTML
  Rendering layout layouts/application.html.erb
  Rendering articles/index.html.erb within layouts/application
  Rendered articles/index.html.erb within layouts/application (Duration: 0.1ms | Allocations: 7)
  Rendered layout layouts/application.html.erb (Duration: 11.0ms | Allocations: 2698)
Completed 200 OK in 15ms (Views: 12.2ms | ActiveRecord: 0.0ms | Allocations: 2976)


Started GET "/articles" for 127.0.0.1 at 2023-05-24 08:42:31 -0600
Processing by ArticlesController#index as HTML
  Rendering layout layouts/application.html.erb
  Rendering articles/index.html.erb within layouts/application
  Rendered articles/index.html.erb within layouts/application (Duration: 1.0ms | Allocations: 110)
  Rendered layout layouts/application.html.erb (Duration: 21.8ms | Allocations: 3045)
Completed 200 OK in 33ms (Views: 29.6ms | ActiveRecord: 0.0ms | Allocations: 3797)


Started GET "/articles" for 127.0.0.1 at 2023-05-24 08:42:39 -0600
Processing by ArticlesController#index as HTML
  Rendering layout layouts/application.html.erb
  Rendering articles/index.html.erb within layouts/application
  Rendered articles/index.html.erb within layouts/application (Duration: 1.0ms | Allocations: 108)
  Rendered layout layouts/application.html.erb (Duration: 22.7ms | Allocations: 1693)
Completed 200 OK in 36ms (Views: 31.7ms | ActiveRecord: 0.0ms | Allocations: 2443)


Started GET "/articles" for 127.0.0.1 at 2023-05-24 08:42:40 -0600
Processing by ArticlesController#index as HTML
  Rendering layout layouts/application.html.erb
  Rendering articles/index.html.erb within layouts/application
  Rendered articles/index.html.erb within layouts/application (Duration: 0.0ms | Allocations: 7)
  Rendered layout layouts/application.html.erb (Duration: 4.5ms | Allocations: 1394)
Completed 200 OK in 8ms (Views: 5.4ms | ActiveRecord: 0.0ms | Allocations: 1674)


Started GET "/" for 127.0.0.1 at 2023-05-24 10:38:35 -0600
  [1m[36mActiveRecord::SchemaMigration Pluck (0.3ms)[0m  [1m[34mSELECT "schema_migrations"."version" FROM "schema_migrations" ORDER BY "schema_migrations"."version" ASC[0m
Processing by ArticlesController#index as HTML
  Rendering layout layouts/application.html.erb
  Rendering articles/index.html.erb within layouts/application
  Rendered articles/index.html.erb within layouts/application (Duration: 20.7ms | Allocations: 377)
Started GET "/" for 127.0.0.1 at 2023-05-24 10:38:36 -0600
Processing by ArticlesController#index as HTML
  Rendering layout layouts/application.html.erb
  Rendering articles/index.html.erb within layouts/application
  Rendered articles/index.html.erb within layouts/application (Duration: 0.1ms | Allocations: 9)
  Rendered layout layouts/application.html.erb (Duration: 479.0ms | Allocations: 47948)
Completed 200 OK in 629ms (Views: 523.2ms | ActiveRecord: 0.0ms | Allocations: 51632)


  Rendered layout layouts/application.html.erb (Duration: 222.8ms | Allocations: 28654)
Completed 200 OK in 240ms (Views: 234.5ms | ActiveRecord: 0.0ms | Allocations: 29691)


  [1m[36mTRANSACTION (0.1ms)[0m  [1m[36mbegin transaction[0m
  [1m[36mArticle Create (1.1ms)[0m  [1m[32mINSERT INTO "articles" ("title", "body", "created_at", "updated_at") VALUES (?, ?, ?, ?)[0m  [["title", "Hello Rails"], ["body", "I am on Rails"], ["created_at", "2023-05-24 16:55:17.355244"], ["updated_at", "2023-05-24 16:55:17.355244"]]
  [1m[36mTRANSACTION (3.7ms)[0m  [1m[36mcommit transaction[0m
  [1m[36mArticle Load (0.3ms)[0m  [1m[34mSELECT "articles".* FROM "articles" WHERE "articles"."id" = ? LIMIT ?[0m  [["id", 1], ["LIMIT", 1]]
  [1m[36mArticle Load (0.3ms)[0m  [1m[34mSELECT "articles".* FROM "articles"[0m
  [1m[36mTRANSACTION (0.1ms)[0m  [1m[36mbegin transaction[0m
  [1m[36mArticle Create (1.6ms)[0m  [1m[32mINSERT INTO "articles" ("title", "body", "created_at", "updated_at") VALUES (?, ?, ?, ?)[0m  [["title", "Hello World!!!"], ["body", "Goodbye World!!!"], ["created_at", "2023-05-24 16:57:37.302207"], ["updated_at", "2023-05-24 16:57:37.302207"]]
  [1m[36mTRANSACTION (2.6ms)[0m  [1m[36mcommit transaction[0m
Started GET "/" for 127.0.0.1 at 2023-05-24 11:01:23 -0600
Processing by ArticlesController#index as HTML
  Rendering layout layouts/application.html.erb
  Rendering articles/index.html.erb within layouts/application
  [1m[36mArticle Load (0.2ms)[0m  [1m[34mSELECT "articles".* FROM "articles"[0m
  ↳ app/views/articles/index.html.erb:5
  Rendered articles/index.html.erb within layouts/application (Duration: 21.4ms | Allocations: 5307)
  Rendered layout layouts/application.html.erb (Duration: 26.8ms | Allocations: 6938)
Completed 200 OK in 41ms (Views: 33.1ms | ActiveRecord: 1.3ms | Allocations: 8455)


Started GET "/" for 127.0.0.1 at 2023-05-24 11:02:17 -0600
Processing by ArticlesController#index as HTML
  Rendering layout layouts/application.html.erb
  Rendering articles/index.html.erb within layouts/application
  [1m[36mArticle Load (0.2ms)[0m  [1m[34mSELECT "articles".* FROM "articles"[0m
  ↳ app/views/articles/index.html.erb:5
  Rendered articles/index.html.erb within layouts/application (Duration: 127.6ms | Allocations: 10894)
  Rendered layout layouts/application.html.erb (Duration: 128.5ms | Allocations: 10977)
Completed 500 Internal Server Error in 139ms (ActiveRecord: 0.2ms | Allocations: 11746)


  
ActionView::Template::Error (undefined method `content' for #<Article id: 1, title: "Hello Rails", body: "I am on Rails", created_at: "2023-05-24 16:55:17.355244000 +0000", updated_at: "2023-05-24 16:55:17.355244000 +0000">):
    4:     <ul>
    5:         <% @articles.each do |article| %>
    6:         <li>
    7:             <%= article.title %> <p> : </p> <%= article.content %>
    8:         </li>
    9:         <% end %>
   10:     </ul>
  
app/views/articles/index.html.erb:7
app/views/articles/index.html.erb:5
Started GET "/" for 127.0.0.1 at 2023-05-24 11:02:32 -0600
Processing by ArticlesController#index as HTML
  Rendering layout layouts/application.html.erb
  Rendering articles/index.html.erb within layouts/application
  Rendered articles/index.html.erb within layouts/application (Duration: 5.8ms | Allocations: 1175)
  Rendered layout layouts/application.html.erb (Duration: 6.7ms | Allocations: 1258)
Completed 500 Internal Server Error in 19ms (ActiveRecord: 0.0ms | Allocations: 2006)


  
ActionView::SyntaxErrorInTemplate (Encountered a syntax error while rendering template: check <h1>Hello, Rails!!!</h1>
<h1>List of Articles</h1>
<p>Articles:
    <ul>
        <% @articles.each do |article| %>
        <li>
            <%= article.title %> <p> : </p> <%= article.content %>
        </li>
        <% end %>
        <% end %>
    </ul>
</p>
):
1:    <h1>Hello, Rails!!!</h1>
2:    <h1>List of Articles</h1>
3:    <p>Articles:
4:        <ul>
5:            <% @articles.each do |article| %>
6:            <li>
7:                <%= article.title %> <p> : </p> <%= article.content %>
8:            </li>
9:            <% end %>
10:            <% end %>
11:        </ul>
12:    </p>
  
app/views/articles/index.html.erb:14: syntax error, unexpected `end'
app/views/articles/index.html.erb:14: syntax error, unexpected `end'
app/views/articles/index.html.erb:14: syntax error, unexpected `end'
app/views/articles/index.html.erb:14: syntax error, unexpected `end'
app/views/articles/index.html.erb:14: syntax error, unexpected `end'
app/views/articles/index.html.erb:14: syntax error, unexpected `end'
Started GET "/" for 127.0.0.1 at 2023-05-24 11:02:43 -0600
Processing by ArticlesController#index as HTML
  Rendering layout layouts/application.html.erb
  Rendering articles/index.html.erb within layouts/application
  [1m[36mArticle Load (0.2ms)[0m  [1m[34mSELECT "articles".* FROM "articles"[0m
  ↳ app/views/articles/index.html.erb:5
  Rendered articles/index.html.erb within layouts/application (Duration: 4.7ms | Allocations: 1831)
  Rendered layout layouts/application.html.erb (Duration: 5.6ms | Allocations: 1914)
Completed 500 Internal Server Error in 23ms (ActiveRecord: 0.2ms | Allocations: 2660)


  
ActionView::Template::Error (undefined method `content' for #<Article id: 1, title: "Hello Rails", body: "I am on Rails", created_at: "2023-05-24 16:55:17.355244000 +0000", updated_at: "2023-05-24 16:55:17.355244000 +0000">):
    4:     <ul>
    5:         <% @articles.each do |article| %>
    6:         <li>
    7:             <%= article.title %> <p> : </p> <%= article.content %>
    8:         </li>
    9:         <% end %>
   10:     </ul>
  
app/views/articles/index.html.erb:7
app/views/articles/index.html.erb:5
Started GET "/" for 127.0.0.1 at 2023-05-24 11:03:01 -0600
Processing by ArticlesController#index as HTML
  Rendering layout layouts/application.html.erb
  Rendering articles/index.html.erb within layouts/application
  [1m[36mArticle Load (0.2ms)[0m  [1m[34mSELECT "articles".* FROM "articles"[0m
  ↳ app/views/articles/index.html.erb:5
  Rendered articles/index.html.erb within layouts/application (Duration: 8.9ms | Allocations: 1706)
  Rendered layout layouts/application.html.erb (Duration: 9.7ms | Allocations: 1788)
Completed 500 Internal Server Error in 20ms (ActiveRecord: 0.2ms | Allocations: 2529)


  
ActionView::Template::Error (wrong number of arguments (given 1, expected 0)):
    4:     <ul>
    5:         <% @articles.each do |article| %>
    6:         <li>
    7:             <%= article.title ":" %>
    8:         </li>
    9:         <% end %>
   10:     </ul>
  
app/views/articles/index.html.erb:7
app/views/articles/index.html.erb:5
Started GET "/" for 127.0.0.1 at 2023-05-24 11:03:11 -0600
Processing by ArticlesController#index as HTML
  Rendering layout layouts/application.html.erb
  Rendering articles/index.html.erb within layouts/application
  Rendered articles/index.html.erb within layouts/application (Duration: 7.1ms | Allocations: 1138)
  Rendered layout layouts/application.html.erb (Duration: 8.2ms | Allocations: 1221)
Completed 500 Internal Server Error in 19ms (ActiveRecord: 0.0ms | Allocations: 1961)


  
ActionView::SyntaxErrorInTemplate (Encountered a syntax error while rendering template: check <h1>Hello, Rails!!!</h1>
<h1>List of Articles</h1>
<p>Articles:
    <ul>
        <% @articles.each do |article| %>
        <li>
            <%= article.title, ":" %>
        </li>
        <% end %>
    </ul>
</p>
):
1:    <h1>Hello, Rails!!!</h1>
2:    <h1>List of Articles</h1>
3:    <p>Articles:
4:        <ul>
5:            <% @articles.each do |article| %>
6:            <li>
7:                <%= article.title, ":" %>
8:            </li>
9:            <% end %>
10:        </ul>
11:    </p>
  
app/views/articles/index.html.erb:7: syntax error, unexpected ')', expecting '.' or &. or :: or '['
app/views/articles/index.html.erb:7: syntax error, unexpected ')', expecting '.' or &. or :: or '['
app/views/articles/index.html.erb:7: syntax error, unexpected ')', expecting '.' or &. or :: or '['
app/views/articles/index.html.erb:7: syntax error, unexpected ')', expecting '.' or &. or :: or '['
app/views/articles/index.html.erb:7: syntax error, unexpected ')', expecting '.' or &. or :: or '['
app/views/articles/index.html.erb:7: syntax error, unexpected ')', expecting '.' or &. or :: or '['
Started GET "/" for 127.0.0.1 at 2023-05-24 11:03:13 -0600
Processing by ArticlesController#index as HTML
  Rendering layout layouts/application.html.erb
  Rendering articles/index.html.erb within layouts/application
  Rendered articles/index.html.erb within layouts/application (Duration: 0.9ms | Allocations: 1126)
  Rendered layout layouts/application.html.erb (Duration: 1.8ms | Allocations: 1208)
Completed 500 Internal Server Error in 5ms (ActiveRecord: 0.0ms | Allocations: 1475)


  
ActionView::SyntaxErrorInTemplate (Encountered a syntax error while rendering template: check <h1>Hello, Rails!!!</h1>
<h1>List of Articles</h1>
<p>Articles:
    <ul>
        <% @articles.each do |article| %>
        <li>
            <%= article.title, ":" %>
        </li>
        <% end %>
    </ul>
</p>
):
1:    <h1>Hello, Rails!!!</h1>
2:    <h1>List of Articles</h1>
3:    <p>Articles:
4:        <ul>
5:            <% @articles.each do |article| %>
6:            <li>
7:                <%= article.title, ":" %>
8:            </li>
9:            <% end %>
10:        </ul>
11:    </p>
  
app/views/articles/index.html.erb:7: syntax error, unexpected ')', expecting '.' or &. or :: or '['
app/views/articles/index.html.erb:7: syntax error, unexpected ')', expecting '.' or &. or :: or '['
app/views/articles/index.html.erb:7: syntax error, unexpected ')', expecting '.' or &. or :: or '['
app/views/articles/index.html.erb:7: syntax error, unexpected ')', expecting '.' or &. or :: or '['
app/views/articles/index.html.erb:7: syntax error, unexpected ')', expecting '.' or &. or :: or '['
app/views/articles/index.html.erb:7: syntax error, unexpected ')', expecting '.' or &. or :: or '['
Started GET "/" for 127.0.0.1 at 2023-05-24 11:03:18 -0600
Processing by ArticlesController#index as HTML
  Rendering layout layouts/application.html.erb
  Rendering articles/index.html.erb within layouts/application
  [1m[36mArticle Load (0.2ms)[0m  [1m[34mSELECT "articles".* FROM "articles"[0m
  ↳ app/views/articles/index.html.erb:5
  Rendered articles/index.html.erb within layouts/application (Duration: 9.9ms | Allocations: 751)
  Rendered layout layouts/application.html.erb (Duration: 15.6ms | Allocations: 2365)
Completed 200 OK in 26ms (Views: 21.9ms | ActiveRecord: 0.2ms | Allocations: 3128)


Started GET "/" for 127.0.0.1 at 2023-05-24 11:03:37 -0600
Processing by ArticlesController#index as HTML
  Rendering layout layouts/application.html.erb
  Rendering articles/index.html.erb within layouts/application
  [1m[36mArticle Load (0.2ms)[0m  [1m[34mSELECT "articles".* FROM "articles"[0m
  ↳ app/views/articles/index.html.erb:5
  Rendered articles/index.html.erb within layouts/application (Duration: 12.0ms | Allocations: 1813)
  Rendered layout layouts/application.html.erb (Duration: 13.0ms | Allocations: 1895)
Completed 500 Internal Server Error in 24ms (ActiveRecord: 0.2ms | Allocations: 2634)


  
ActionView::Template::Error (undefined method `content' for #<Article id: 1, title: "Hello Rails", body: "I am on Rails", created_at: "2023-05-24 16:55:17.355244000 +0000", updated_at: "2023-05-24 16:55:17.355244000 +0000">):
    4:     <ul>
    5:         <% @articles.each do |article| %>
    6:         <li>
    7:             <%= article.title + " : " + article.content %>
    8:         </li>
    9:         <% end %>
   10:     </ul>
  
app/views/articles/index.html.erb:7
app/views/articles/index.html.erb:5
Started GET "/" for 127.0.0.1 at 2023-05-24 11:04:01 -0600
Processing by ArticlesController#index as HTML
  Rendering layout layouts/application.html.erb
  Rendering articles/index.html.erb within layouts/application
  [1m[36mArticle Load (0.2ms)[0m  [1m[34mSELECT "articles".* FROM "articles"[0m
  ↳ app/views/articles/index.html.erb:5
  Rendered articles/index.html.erb within layouts/application (Duration: 11.8ms | Allocations: 757)
  Rendered layout layouts/application.html.erb (Duration: 17.8ms | Allocations: 2378)
Completed 200 OK in 29ms (Views: 24.1ms | ActiveRecord: 0.2ms | Allocations: 3140)


Started GET "/" for 127.0.0.1 at 2023-05-24 11:31:21 -0600
  [1m[36mActiveRecord::SchemaMigration Pluck (0.2ms)[0m  [1m[34mSELECT "schema_migrations"."version" FROM "schema_migrations" ORDER BY "schema_migrations"."version" ASC[0m
Processing by ArticlesController#index as HTML
  Rendering layout layouts/application.html.erb
  Rendering articles/index.html.erb within layouts/application
  [1m[36mArticle Load (0.2ms)[0m  [1m[34mSELECT "articles".* FROM "articles"[0m
  ↳ app/views/articles/index.html.erb:5
  Rendered articles/index.html.erb within layouts/application (Duration: 17.6ms | Allocations: 5419)
  Rendered layout layouts/application.html.erb (Duration: 96.5ms | Allocations: 30767)
Completed 200 OK in 138ms (Views: 109.6ms | ActiveRecord: 1.0ms | Allocations: 34997)


Started GET "/articles" for 127.0.0.1 at 2023-05-24 11:31:28 -0600
Processing by ArticlesController#index as HTML
  Rendering layout layouts/application.html.erb
  Rendering articles/index.html.erb within layouts/application
  [1m[36mArticle Load (0.2ms)[0m  [1m[34mSELECT "articles".* FROM "articles"[0m
  ↳ app/views/articles/index.html.erb:5
  Rendered articles/index.html.erb within layouts/application (Duration: 2.1ms | Allocations: 588)
  Rendered layout layouts/application.html.erb (Duration: 6.9ms | Allocations: 1962)
Completed 200 OK in 12ms (Views: 8.4ms | ActiveRecord: 0.2ms | Allocations: 2259)


Started GET "/articles/1" for 127.0.0.1 at 2023-05-24 11:31:32 -0600
Processing by ArticlesController#show as HTML
  Parameters: {"id"=>"1"}
  [1m[36mArticle Load (0.2ms)[0m  [1m[34mSELECT "articles".* FROM "articles" WHERE "articles"."id" = ? LIMIT ?[0m  [["id", 1], ["LIMIT", 1]]
  ↳ app/controllers/articles_controller.rb:7:in `show'
  Rendering layout layouts/application.html.erb
  Rendering articles/show.html.erb within layouts/application
  Rendered articles/show.html.erb within layouts/application (Duration: 7.4ms | Allocations: 139)
  Rendered layout layouts/application.html.erb (Duration: 24.0ms | Allocations: 1504)
Completed 200 OK in 34ms (Views: 25.3ms | ActiveRecord: 0.2ms | Allocations: 4151)


Started GET "/articles/2" for 127.0.0.1 at 2023-05-24 11:31:36 -0600
Processing by ArticlesController#show as HTML
  Parameters: {"id"=>"2"}
  [1m[36mArticle Load (0.1ms)[0m  [1m[34mSELECT "articles".* FROM "articles" WHERE "articles"."id" = ? LIMIT ?[0m  [["id", 2], ["LIMIT", 1]]
  ↳ app/controllers/articles_controller.rb:7:in `show'
  Rendering layout layouts/application.html.erb
  Rendering articles/show.html.erb within layouts/application
  Rendered articles/show.html.erb within layouts/application (Duration: 0.1ms | Allocations: 11)
  Rendered layout layouts/application.html.erb (Duration: 5.3ms | Allocations: 1377)
Completed 200 OK in 13ms (Views: 8.0ms | ActiveRecord: 0.1ms | Allocations: 2143)


Started GET "/articles/1" for 127.0.0.1 at 2023-05-24 11:31:40 -0600
Processing by ArticlesController#show as HTML
  Parameters: {"id"=>"1"}
  [1m[36mArticle Load (0.1ms)[0m  [1m[34mSELECT "articles".* FROM "articles" WHERE "articles"."id" = ? LIMIT ?[0m  [["id", 1], ["LIMIT", 1]]
  ↳ app/controllers/articles_controller.rb:7:in `show'
  Rendering layout layouts/application.html.erb
  Rendering articles/show.html.erb within layouts/application
  Rendered articles/show.html.erb within layouts/application (Duration: 0.1ms | Allocations: 11)
  Rendered layout layouts/application.html.erb (Duration: 4.7ms | Allocations: 1369)
Completed 200 OK in 11ms (Views: 5.9ms | ActiveRecord: 0.1ms | Allocations: 2135)


Started GET "/articles/1" for 127.0.0.1 at 2023-05-24 11:45:35 -0600
  [1m[36mActiveRecord::SchemaMigration Pluck (0.2ms)[0m  [1m[34mSELECT "schema_migrations"."version" FROM "schema_migrations" ORDER BY "schema_migrations"."version" ASC[0m
Processing by ArticlesController#show as HTML
  Parameters: {"id"=>"1"}
  [1m[36mArticle Load (0.2ms)[0m  [1m[34mSELECT "articles".* FROM "articles" WHERE "articles"."id" = ? LIMIT ?[0m  [["id", 1], ["LIMIT", 1]]
  ↳ app/controllers/articles_controller.rb:7:in `show'
  Rendering layout layouts/application.html.erb
  Rendering articles/show.html.erb within layouts/application
  Rendered articles/show.html.erb within layouts/application (Duration: 8.8ms | Allocations: 399)
  Rendered layout layouts/application.html.erb (Duration: 100.2ms | Allocations: 25733)
Completed 200 OK in 160ms (Views: 113.4ms | ActiveRecord: 1.0ms | Allocations: 36596)


Started GET "/articles" for 127.0.0.1 at 2023-05-24 11:45:38 -0600
Processing by ArticlesController#index as HTML
  Rendering layout layouts/application.html.erb
  Rendering articles/index.html.erb within layouts/application
  [1m[36mArticle Load (0.2ms)[0m  [1m[34mSELECT "articles".* FROM "articles"[0m
  ↳ app/views/articles/index.html.erb:5
  Rendered articles/index.html.erb within layouts/application (Duration: 3.0ms | Allocations: 847)
  Rendered layout layouts/application.html.erb (Duration: 12.8ms | Allocations: 2218)
Completed 200 OK in 21ms (Views: 15.1ms | ActiveRecord: 0.2ms | Allocations: 2574)


Started GET "/articles/1" for 127.0.0.1 at 2023-05-24 11:45:40 -0600
Processing by ArticlesController#show as HTML
  Parameters: {"id"=>"1"}
  [1m[36mArticle Load (0.2ms)[0m  [1m[34mSELECT "articles".* FROM "articles" WHERE "articles"."id" = ? LIMIT ?[0m  [["id", 1], ["LIMIT", 1]]
  ↳ app/controllers/articles_controller.rb:7:in `show'
  Rendering layout layouts/application.html.erb
  Rendering articles/show.html.erb within layouts/application
  Rendered articles/show.html.erb within layouts/application (Duration: 0.1ms | Allocations: 11)
  Rendered layout layouts/application.html.erb (Duration: 8.0ms | Allocations: 1375)
Completed 200 OK in 15ms (Views: 9.4ms | ActiveRecord: 0.2ms | Allocations: 2141)


Started GET "/articles/2" for 127.0.0.1 at 2023-05-24 11:45:43 -0600
Processing by ArticlesController#show as HTML
  Parameters: {"id"=>"2"}
  [1m[36mArticle Load (0.1ms)[0m  [1m[34mSELECT "articles".* FROM "articles" WHERE "articles"."id" = ? LIMIT ?[0m  [["id", 2], ["LIMIT", 1]]
  ↳ app/controllers/articles_controller.rb:7:in `show'
  Rendering layout layouts/application.html.erb
  Rendering articles/show.html.erb within layouts/application
  Rendered articles/show.html.erb within layouts/application (Duration: 0.2ms | Allocations: 11)
  Rendered layout layouts/application.html.erb (Duration: 6.3ms | Allocations: 1372)
Completed 200 OK in 12ms (Views: 7.4ms | ActiveRecord: 0.1ms | Allocations: 2138)


Started GET "/articles/1" for 127.0.0.1 at 2023-05-24 11:45:48 -0600
Processing by ArticlesController#show as HTML
  Parameters: {"id"=>"1"}
  [1m[36mArticle Load (0.1ms)[0m  [1m[34mSELECT "articles".* FROM "articles" WHERE "articles"."id" = ? LIMIT ?[0m  [["id", 1], ["LIMIT", 1]]
  ↳ app/controllers/articles_controller.rb:7:in `show'
  Rendering layout layouts/application.html.erb
  Rendering articles/show.html.erb within layouts/application
  Rendered articles/show.html.erb within layouts/application (Duration: 0.1ms | Allocations: 11)
  Rendered layout layouts/application.html.erb (Duration: 5.1ms | Allocations: 1390)
Completed 200 OK in 11ms (Views: 7.0ms | ActiveRecord: 0.1ms | Allocations: 2156)


Started GET "/articles/2" for 127.0.0.1 at 2023-05-24 11:45:51 -0600
Processing by ArticlesController#show as HTML
  Parameters: {"id"=>"2"}
  [1m[36mArticle Load (0.1ms)[0m  [1m[34mSELECT "articles".* FROM "articles" WHERE "articles"."id" = ? LIMIT ?[0m  [["id", 2], ["LIMIT", 1]]
  ↳ app/controllers/articles_controller.rb:7:in `show'
  Rendering layout layouts/application.html.erb
  Rendering articles/show.html.erb within layouts/application
  Rendered articles/show.html.erb within layouts/application (Duration: 0.1ms | Allocations: 11)
  Rendered layout layouts/application.html.erb (Duration: 4.5ms | Allocations: 1370)
Completed 200 OK in 11ms (Views: 5.8ms | ActiveRecord: 0.1ms | Allocations: 2123)


Started GET "/articles" for 127.0.0.1 at 2023-05-24 11:54:52 -0600
  [1m[36mActiveRecord::SchemaMigration Pluck (0.2ms)[0m  [1m[34mSELECT "schema_migrations"."version" FROM "schema_migrations" ORDER BY "schema_migrations"."version" ASC[0m
Processing by ArticlesController#index as HTML
  Rendering layout layouts/application.html.erb
  Rendering articles/index.html.erb within layouts/application
  [1m[36mArticle Load (0.3ms)[0m  [1m[34mSELECT "articles".* FROM "articles"[0m
  ↳ app/views/articles/index.html.erb:5
  Rendered articles/index.html.erb within layouts/application (Duration: 22.0ms | Allocations: 5561)
  Rendered layout layouts/application.html.erb (Duration: 98.8ms | Allocations: 30897)
Completed 200 OK in 137ms (Views: 110.4ms | ActiveRecord: 1.1ms | Allocations: 35115)


Started GET "/articles" for 127.0.0.1 at 2023-05-24 11:54:56 -0600
Processing by ArticlesController#index as HTML
  Rendering layout layouts/application.html.erb
  Rendering articles/index.html.erb within layouts/application
  [1m[36mArticle Load (0.2ms)[0m  [1m[34mSELECT "articles".* FROM "articles"[0m
  ↳ app/views/articles/index.html.erb:5
  Rendered articles/index.html.erb within layouts/application (Duration: 1.7ms | Allocations: 619)
  Rendered layout layouts/application.html.erb (Duration: 18.7ms | Allocations: 2014)
Completed 200 OK in 23ms (Views: 19.6ms | ActiveRecord: 0.2ms | Allocations: 2311)


Started GET "/articles" for 127.0.0.1 at 2023-05-24 11:54:59 -0600
Processing by ArticlesController#index as HTML
  Rendering layout layouts/application.html.erb
  Rendering articles/index.html.erb within layouts/application
  [1m[36mArticle Load (0.2ms)[0m  [1m[34mSELECT "articles".* FROM "articles"[0m
  ↳ app/views/articles/index.html.erb:5
  Rendered articles/index.html.erb within layouts/application (Duration: 3.3ms | Allocations: 617)
  Rendered layout layouts/application.html.erb (Duration: 8.5ms | Allocations: 1984)
Completed 200 OK in 13ms (Views: 9.7ms | ActiveRecord: 0.2ms | Allocations: 2279)


Started GET "/articles" for 127.0.0.1 at 2023-05-24 11:54:59 -0600
Processing by ArticlesController#index as HTML
  Rendering layout layouts/application.html.erb
  Rendering articles/index.html.erb within layouts/application
  [1m[36mArticle Load (0.2ms)[0m  [1m[34mSELECT "articles".* FROM "articles"[0m
  ↳ app/views/articles/index.html.erb:5
  Rendered articles/index.html.erb within layouts/application (Duration: 1.9ms | Allocations: 612)
  Rendered layout layouts/application.html.erb (Duration: 7.4ms | Allocations: 1970)
Completed 200 OK in 13ms (Views: 8.8ms | ActiveRecord: 0.2ms | Allocations: 2258)


Started GET "/articles" for 127.0.0.1 at 2023-05-24 11:54:59 -0600
Processing by ArticlesController#index as HTML
  Rendering layout layouts/application.html.erb
  Rendering articles/index.html.erb within layouts/application
  [1m[36mArticle Load (0.2ms)[0m  [1m[34mSELECT "articles".* FROM "articles"[0m
  ↳ app/views/articles/index.html.erb:5
  Rendered articles/index.html.erb within layouts/application (Duration: 1.7ms | Allocations: 612)
  Rendered layout layouts/application.html.erb (Duration: 6.6ms | Allocations: 1979)
Completed 200 OK in 11ms (Views: 7.7ms | ActiveRecord: 0.2ms | Allocations: 2267)


Started GET "/articles" for 127.0.0.1 at 2023-05-24 11:55:00 -0600
Processing by ArticlesController#index as HTML
  Rendering layout layouts/application.html.erb
  Rendering articles/index.html.erb within layouts/application
  [1m[36mArticle Load (0.2ms)[0m  [1m[34mSELECT "articles".* FROM "articles"[0m
  ↳ app/views/articles/index.html.erb:5
  Rendered articles/index.html.erb within layouts/application (Duration: 1.9ms | Allocations: 612)
  Rendered layout layouts/application.html.erb (Duration: 7.5ms | Allocations: 1979)
Completed 200 OK in 12ms (Views: 8.5ms | ActiveRecord: 0.2ms | Allocations: 2267)


Started GET "/articles" for 127.0.0.1 at 2023-05-24 11:55:00 -0600
Processing by ArticlesController#index as HTML
  Rendering layout layouts/application.html.erb
  Rendering articles/index.html.erb within layouts/application
  [1m[36mArticle Load (0.2ms)[0m  [1m[34mSELECT "articles".* FROM "articles"[0m
  ↳ app/views/articles/index.html.erb:5
  Rendered articles/index.html.erb within layouts/application (Duration: 1.8ms | Allocations: 612)
  Rendered layout layouts/application.html.erb (Duration: 7.7ms | Allocations: 1979)
Completed 200 OK in 11ms (Views: 8.6ms | ActiveRecord: 0.2ms | Allocations: 2267)


Started GET "/articles" for 127.0.0.1 at 2023-05-24 11:55:16 -0600
Processing by ArticlesController#index as HTML
  Rendering layout layouts/application.html.erb
  Rendering articles/index.html.erb within layouts/application
  [1m[36mArticle Load (0.3ms)[0m  [1m[34mSELECT "articles".* FROM "articles"[0m
  ↳ app/views/articles/index.html.erb:5
  Rendered articles/index.html.erb within layouts/application (Duration: 9.5ms | Allocations: 835)
  Rendered layout layouts/application.html.erb (Duration: 15.7ms | Allocations: 2428)
Completed 200 OK in 27ms (Views: 22.4ms | ActiveRecord: 0.3ms | Allocations: 3196)


Started GET "/articles//articles/1" for 127.0.0.1 at 2023-05-24 11:55:17 -0600
  
ActionController::RoutingError (No route matches [GET] "/articles/articles/1"):
  
Started GET "/articles//articles/1" for 127.0.0.1 at 2023-05-24 11:57:58 -0600
  
ActionController::RoutingError (No route matches [GET] "/articles/articles/1"):
  
Started GET "/articles//articles/1" for 127.0.0.1 at 2023-05-24 11:58:00 -0600
  
ActionController::RoutingError (No route matches [GET] "/articles/articles/1"):
  
Started GET "/articles//articles/1" for 127.0.0.1 at 2023-05-24 11:58:00 -0600
  
ActionController::RoutingError (No route matches [GET] "/articles/articles/1"):
  
Started GET "/articles//articles/1" for 127.0.0.1 at 2023-05-24 11:58:59 -0600
  
ActionController::RoutingError (No route matches [GET] "/articles/articles/1"):
  
Started GET "/articles//articles/1" for 127.0.0.1 at 2023-05-24 11:59:00 -0600
  
ActionController::RoutingError (No route matches [GET] "/articles/articles/1"):
  
Started GET "/articles//articles/1" for 127.0.0.1 at 2023-05-24 11:59:01 -0600
  
ActionController::RoutingError (No route matches [GET] "/articles/articles/1"):
  
Started GET "/articles//articles/1" for 127.0.0.1 at 2023-05-24 11:59:01 -0600
  
ActionController::RoutingError (No route matches [GET] "/articles/articles/1"):
  
Started GET "/articles//articles/1" for 127.0.0.1 at 2023-05-24 11:59:49 -0600
  
ActionController::RoutingError (No route matches [GET] "/articles/articles/1"):
  
Started GET "/articles//articles/1" for 127.0.0.1 at 2023-05-24 11:59:50 -0600
  
ActionController::RoutingError (No route matches [GET] "/articles/articles/1"):
  
Started GET "/articles//articles/1" for 127.0.0.1 at 2023-05-24 11:59:51 -0600
  
ActionController::RoutingError (No route matches [GET] "/articles/articles/1"):
  
Started GET "/articles//articles/1" for 127.0.0.1 at 2023-05-24 11:59:51 -0600
  
ActionController::RoutingError (No route matches [GET] "/articles/articles/1"):
  
Started GET "/articles//articles/1" for 127.0.0.1 at 2023-05-24 11:59:52 -0600
  
ActionController::RoutingError (No route matches [GET] "/articles/articles/1"):
  
Started GET "/" for 127.0.0.1 at 2023-05-24 14:14:33 -0600
  [1m[36mActiveRecord::SchemaMigration Pluck (0.4ms)[0m  [1m[34mSELECT "schema_migrations"."version" FROM "schema_migrations" ORDER BY "schema_migrations"."version" ASC[0m
Processing by ArticlesController#index as HTML
  Rendering layout layouts/application.html.erb
  Rendering articles/index.html.erb within layouts/application
  [1m[36mArticle Load (0.3ms)[0m  [1m[34mSELECT "articles".* FROM "articles"[0m
  ↳ app/views/articles/index.html.erb:5
  Rendered articles/index.html.erb within layouts/application (Duration: 25.7ms | Allocations: 5579)
  Rendered layout layouts/application.html.erb (Duration: 117.6ms | Allocations: 30906)
Completed 200 OK in 162ms (Views: 130.9ms | ActiveRecord: 1.6ms | Allocations: 35134)


Started GET "/articles/1" for 127.0.0.1 at 2023-05-24 14:14:37 -0600
Processing by ArticlesController#show as HTML
  Parameters: {"id"=>"1"}
  [1m[36mArticle Load (0.2ms)[0m  [1m[34mSELECT "articles".* FROM "articles" WHERE "articles"."id" = ? LIMIT ?[0m  [["id", 1], ["LIMIT", 1]]
  ↳ app/controllers/articles_controller.rb:7:in `show'
  Rendering layout layouts/application.html.erb
  Rendering articles/show.html.erb within layouts/application
  Rendered articles/show.html.erb within layouts/application (Duration: 1.4ms | Allocations: 148)
  Rendered layout layouts/application.html.erb (Duration: 7.0ms | Allocations: 1536)
Completed 200 OK in 143ms (Views: 8.3ms | ActiveRecord: 0.2ms | Allocations: 11801)


Started GET "/articles/2" for 127.0.0.1 at 2023-05-24 14:14:39 -0600
Processing by ArticlesController#show as HTML
  Parameters: {"id"=>"2"}
  [1m[36mArticle Load (0.2ms)[0m  [1m[34mSELECT "articles".* FROM "articles" WHERE "articles"."id" = ? LIMIT ?[0m  [["id", 2], ["LIMIT", 1]]
  ↳ app/controllers/articles_controller.rb:7:in `show'
  Rendering layout layouts/application.html.erb
  Rendering articles/show.html.erb within layouts/application
  Rendered articles/show.html.erb within layouts/application (Duration: 0.1ms | Allocations: 11)
  Rendered layout layouts/application.html.erb (Duration: 4.2ms | Allocations: 1357)
Completed 200 OK in 10ms (Views: 5.6ms | ActiveRecord: 0.2ms | Allocations: 2123)


Started GET "/" for 127.0.0.1 at 2023-05-24 14:15:25 -0600
Processing by ArticlesController#index as HTML
  Rendering layout layouts/application.html.erb
  Rendering articles/index.html.erb within layouts/application
  [1m[36mArticle Load (0.2ms)[0m  [1m[34mSELECT "articles".* FROM "articles"[0m
  ↳ app/views/articles/index.html.erb:4
  Rendered articles/index.html.erb within layouts/application (Duration: 11.5ms | Allocations: 900)
  Rendered layout layouts/application.html.erb (Duration: 17.8ms | Allocations: 2500)
Completed 200 OK in 31ms (Views: 25.9ms | ActiveRecord: 0.2ms | Allocations: 3268)


Started GET "/articles/1" for 127.0.0.1 at 2023-05-24 14:15:27 -0600
Processing by ArticlesController#show as HTML
  Parameters: {"id"=>"1"}
  [1m[36mArticle Load (0.1ms)[0m  [1m[34mSELECT "articles".* FROM "articles" WHERE "articles"."id" = ? LIMIT ?[0m  [["id", 1], ["LIMIT", 1]]
  ↳ app/controllers/articles_controller.rb:7:in `show'
  Rendering layout layouts/application.html.erb
  Rendering articles/show.html.erb within layouts/application
  Rendered articles/show.html.erb within layouts/application (Duration: 0.8ms | Allocations: 136)
  Rendered layout layouts/application.html.erb (Duration: 6.2ms | Allocations: 1498)
Completed 200 OK in 14ms (Views: 7.6ms | ActiveRecord: 0.1ms | Allocations: 2307)


Started GET "/articles/2" for 127.0.0.1 at 2023-05-24 14:15:28 -0600
Processing by ArticlesController#show as HTML
  Parameters: {"id"=>"2"}
  [1m[36mArticle Load (0.2ms)[0m  [1m[34mSELECT "articles".* FROM "articles" WHERE "articles"."id" = ? LIMIT ?[0m  [["id", 2], ["LIMIT", 1]]
  ↳ app/controllers/articles_controller.rb:7:in `show'
  Rendering layout layouts/application.html.erb
  Rendering articles/show.html.erb within layouts/application
  Rendered articles/show.html.erb within layouts/application (Duration: 0.1ms | Allocations: 11)
  Rendered layout layouts/application.html.erb (Duration: 5.2ms | Allocations: 1376)
Completed 200 OK in 12ms (Views: 6.2ms | ActiveRecord: 0.2ms | Allocations: 2129)


